<?xml version="1.0" encoding="UTF-8"?>
<!-- Generated by org.testng.reporters.JUnitReportReporter -->
<testsuite skipped="0" hostname="Air-de-Marthe" name="it.testware.testcases.LoginTest" tests="1" failures="0" timestamp="2020-09-29T20:49:09 CEST" time="9.202" errors="0">
  <testcase name="loginAsBankManager" time="9.202" classname="it.testware.testcases.LoginTest"/>
  <system-out/>
</testsuite> <!-- it.testware.testcases.LoginTest -->
