<?xml version="1.0" encoding="UTF-8"?>
<!-- Generated by org.testng.reporters.JUnitReportReporter -->
<testsuite skipped="0" hostname="Air-de-Marthe" name="it.testware.testcases.AddCustomerTest" tests="4" failures="0" timestamp="2020-09-29T20:49:09 CEST" time="20.643" errors="0">
  <testcase name="addCustomer" time="5.425" classname="it.testware.testcases.AddCustomerTest"/>
  <system-out/>
  <testcase name="addCustomer" time="5.043" classname="it.testware.testcases.AddCustomerTest"/>
  <system-out/>
  <testcase name="addCustomer" time="5.055" classname="it.testware.testcases.AddCustomerTest"/>
  <system-out/>
  <testcase name="addCustomer" time="5.120" classname="it.testware.testcases.AddCustomerTest"/>
  <system-out/>
</testsuite> <!-- it.testware.testcases.AddCustomerTest -->
